<?xml version="1.0" encoding="UTF-8"?>
<testng-results ignored="0" total="1" passed="1" failed="0" skipped="0">
  <reporter-output>
  </reporter-output>
  <suite started-at="2024-12-22T17:43:14 IST" name="Default suite" finished-at="2024-12-22T17:43:28 IST" duration-ms="14334">
    <groups>
    </groups>
    <test started-at="2024-12-22T17:43:14 IST" name="Default test" finished-at="2024-12-22T17:43:28 IST" duration-ms="14334">
      <class name="regression.DashboardTest">
        <test-method is-config="true" signature="setup()[pri:0, instance:regression.DashboardTest@7ef82753]" started-at="2024-12-22T17:43:14 IST" name="setup" finished-at="2024-12-22T17:43:26 IST" duration-ms="11926" status="PASS">
          <reporter-output>
          </reporter-output>
        </test-method> <!-- setup -->
        <test-method signature="customerclick()[pri:0, instance:regression.DashboardTest@7ef82753]" started-at="2024-12-22T17:43:26 IST" name="customerclick" finished-at="2024-12-22T17:43:28 IST" duration-ms="2365" status="PASS">
          <reporter-output>
          </reporter-output>
        </test-method> <!-- customerclick -->
      </class> <!-- regression.DashboardTest -->
    </test> <!-- Default test -->
  </suite> <!-- Default suite -->
</testng-results>
